  autofit.c
  ftbase.c
  ftbbox.c
  ftbdf.c
  ftbitmap.c
  ftcid.c
  ftfstype.c
  ftgasp.c
  ftglyph.c
  ftgxval.c
  ftinit.c
  ftmm.c
  ftotval.c
  ftpatent.c
  ftpfr.c
  ftstroke.c
  ftsynth.c
  ftsystem.c
  fttype1.c
  ftwinfnt.c
  bdf.c
  ftcache.c
  cff.c
  type1cid.c
  ftgzip.c
  ftlzw.c
  pcf.c
  pfr.c
  psaux.c
  pshinter.c
  psmodule.c
  raster.c
  sfnt.c
  smooth.c
  truetype.c
  type1.c
  type42.c
c:\users\pichau\source\repos\xandyinengine\xandyinengine\freetype\src\sfnt\ttcolr.c(128): warning C4018: '>': incompatibilidade de signed/unsigned (compilando arquivo de origem ..\..\..\src\sfnt\sfnt.c)
c:\users\pichau\source\repos\xandyinengine\xandyinengine\freetype\src\sfnt\ttcolr.c(136): warning C4018: '>': incompatibilidade de signed/unsigned (compilando arquivo de origem ..\..\..\src\sfnt\sfnt.c)
c:\users\pichau\source\repos\xandyinengine\xandyinengine\freetype\src\sfnt\ttcpal.c(121): warning C4018: '>': incompatibilidade de signed/unsigned (compilando arquivo de origem ..\..\..\src\sfnt\sfnt.c)
c:\users\pichau\source\repos\xandyinengine\xandyinengine\freetype\src\sfnt\ttcpal.c(154): warning C4018: '>': incompatibilidade de signed/unsigned (compilando arquivo de origem ..\..\..\src\sfnt\sfnt.c)
c:\users\pichau\source\repos\xandyinengine\xandyinengine\freetype\src\sfnt\ttcpal.c(175): warning C4018: '>': incompatibilidade de signed/unsigned (compilando arquivo de origem ..\..\..\src\sfnt\sfnt.c)
c:\users\pichau\source\repos\xandyinengine\xandyinengine\freetype\src\sfnt\ttcpal.c(196): warning C4018: '>': incompatibilidade de signed/unsigned (compilando arquivo de origem ..\..\..\src\sfnt\sfnt.c)
c:\users\pichau\source\repos\xandyinengine\xandyinengine\freetype\src\truetype\ttgxvar.c(2196): warning C4701: variável local possivelmente não inicializada 'fvar_head' usada
  winfnt.c
  ftdebug.c
     Criando biblioteca ..\..\..\objs\Win32\Debug\freetype.lib e objeto ..\..\..\objs\Win32\Debug\freetype.exp
  freetype.vcxproj -> C:\Users\Pichau\source\repos\xandyinEngine\xandyinEngine\FreeType\builds\windows\vc2010\..\..\..\objs\Win32\Debug\freetype.dll
